-----------
SRR2975988_F.SNPsplit_report.txt
Reads were specific for genome 1:			214367 (0.90%)
Reads were specific for genome 2:			4568 (0.02%)
-----------
SRR2976053_F.SNPsplit_report.txt
Reads were specific for genome 1:			110738 (1.04%)
Reads were specific for genome 2:			1391 (0.01%)
-----------
SRR2976059_F.SNPsplit_report.txt
Reads were specific for genome 1:			67432 (0.59%)
Reads were specific for genome 2:			1220 (0.01%)
-----------
SRR2976086_F.SNPsplit_report.txt
Reads were specific for genome 1:			183147 (0.59%)
Reads were specific for genome 2:			2993 (0.01%)
-----------
SRR2976089_F.trim.SNPsplit_report.txt
Reads were specific for genome 1:		87976 (0.38%)
Reads were specific for genome 2:		874 (0.00%)
-----------
SRR2976263_F.trim.SNPsplit_report.txt
Reads were specific for genome 1:		85453 (0.56%)
Reads were specific for genome 2:		1658 (0.01%)
-----------
SRR2976264_F.trim.SNPsplit_report.txt
Reads were specific for genome 1:		112390 (0.50%)
Reads were specific for genome 2:		2128 (0.01%)
-----------
SRR2976269_F.trim.SNPsplit_report.txt
Reads were specific for genome 1:		87930 (0.28%)
Reads were specific for genome 2:		1584 (0.01%)

-----------
SRR2976063_M.SNPsplit_report.txt
Reads were specific for genome 1:			56567 (0.38%)
Reads were specific for genome 2:			57508 (0.39%)
-----------
SRR2976064_M.SNPsplit_report.txt
Reads were specific for genome 1:			58361 (0.34%)
Reads were specific for genome 2:			61012 (0.36%)
-----------
SRR2976087_M.SNPsplit_report.txt
Reads were specific for genome 1:			57552 (0.33%)
Reads were specific for genome 2:			59477 (0.34%)
-----------
SRR2976266_M.trim.SNPsplit_report.txt
Reads were specific for genome 1:		108054 (0.52%)
Reads were specific for genome 2:		112703 (0.54%)
-----------
SRR2976268_M.trim.SNPsplit_report.txt
Reads were specific for genome 1:		45029 (0.32%)
Reads were specific for genome 2:		46688 (0.34%)